0 info it worked if it ends with ok
1 verbose cli [ '/home/work/softwares/node/bin/node',
1 verbose cli   '/home/work/softwares/node/bin/npm',
1 verbose cli   'publish' ]
2 info using npm@1.4.28
3 info using node@v0.10.33
4 verbose publish [ '.' ]
5 verbose cache add [ '.', null ]
6 verbose cache add name=undefined spec="." args=[".",null]
7 verbose parsed url { protocol: null,
7 verbose parsed url   slashes: null,
7 verbose parsed url   auth: null,
7 verbose parsed url   host: null,
7 verbose parsed url   port: null,
7 verbose parsed url   hostname: null,
7 verbose parsed url   hash: null,
7 verbose parsed url   search: null,
7 verbose parsed url   query: null,
7 verbose parsed url   pathname: '.',
7 verbose parsed url   path: '.',
7 verbose parsed url   href: '.' }
8 silly lockFile 3a52ce78- .
9 verbose lock . /root/.npm/3a52ce78-.lock
10 verbose tar pack [ '/root/.npm/fis-preprocessor-c-style-macro/1.0.0/package.tgz',
10 verbose tar pack   '.' ]
11 verbose tarball /root/.npm/fis-preprocessor-c-style-macro/1.0.0/package.tgz
12 verbose folder .
13 info prepublish fis-preprocessor-c-style-macro@1.0.0
14 silly lockFile 1f1177db-tar tar://.
15 verbose lock tar://. /root/.npm/1f1177db-tar.lock
16 silly lockFile 3721399b--c-style-macro-1-0-0-package-tgz tar:///root/.npm/fis-preprocessor-c-style-macro/1.0.0/package.tgz
17 verbose lock tar:///root/.npm/fis-preprocessor-c-style-macro/1.0.0/package.tgz /root/.npm/3721399b--c-style-macro-1-0-0-package-tgz.lock
18 silly lockFile 1f1177db-tar tar://.
19 silly lockFile 1f1177db-tar tar://.
20 silly lockFile 3721399b--c-style-macro-1-0-0-package-tgz tar:///root/.npm/fis-preprocessor-c-style-macro/1.0.0/package.tgz
21 silly lockFile 3721399b--c-style-macro-1-0-0-package-tgz tar:///root/.npm/fis-preprocessor-c-style-macro/1.0.0/package.tgz
22 silly lockFile f53d4012-ssor-c-style-macro-1-0-0-package /root/.npm/fis-preprocessor-c-style-macro/1.0.0/package
23 verbose lock /root/.npm/fis-preprocessor-c-style-macro/1.0.0/package /root/.npm/f53d4012-ssor-c-style-macro-1-0-0-package.lock
24 silly lockFile f53d4012-ssor-c-style-macro-1-0-0-package /root/.npm/fis-preprocessor-c-style-macro/1.0.0/package
25 silly lockFile f53d4012-ssor-c-style-macro-1-0-0-package /root/.npm/fis-preprocessor-c-style-macro/1.0.0/package
26 silly lockFile 3a52ce78- .
27 silly lockFile 3a52ce78- .
28 silly publish { name: 'fis-preprocessor-c-style-macro',
28 silly publish   version: '1.0.0',
28 silly publish   description: 'this is a C STYLE EXTENSTION for js',
28 silly publish   main: 'index.js',
28 silly publish   scripts: { test: 'echo "Error: no test specified" && exit 1' },
28 silly publish   repository:
28 silly publish    { type: 'git',
28 silly publish      url: 'https://github.com/lixi520/fis-preprocessor-c-style-macro.git' },
28 silly publish   keywords: [ 'c', 'style', 'extension', 'fis' ],
28 silly publish   author: { name: 'lixi520' },
28 silly publish   email: 'cesadc@126.com',
28 silly publish   license: 'ISC',
28 silly publish   bugs: { url: 'https://github.com/lixi520/fis-preprocessor-c-style-macro/issues' },
28 silly publish   homepage: 'https://github.com/lixi520/fis-preprocessor-c-style-macro',
28 silly publish   dependencies: { escodegen: '^1.6.1', esprima: '^2.2.0', uuid: '^2.0.1' },
28 silly publish   readme: '# fis-preprocessor-c-style-macro\nfis extension for C STYLE MACRO\n',
28 silly publish   readmeFilename: 'README.md',
28 silly publish   gitHead: '4b72ccc3bea2ff7760d2d11a2fe8339998f7ef0e',
28 silly publish   _id: 'fis-preprocessor-c-style-macro@1.0.0',
28 silly publish   _shasum: '89f4fbe77e342fa8190dd0939e27e94993c0cd7e',
28 silly publish   _from: '.' }
29 error need auth auth and email required for publishing
29 error need auth You need to authorize this machine using `npm adduser`
30 error System Linux 2.6.32_1-13-0-0_virtio_new
31 error command "/home/work/softwares/node/bin/node" "/home/work/softwares/node/bin/npm" "publish"
32 error cwd /home/work/fis_study/fis-preprocessor-c-style-macro
33 error node -v v0.10.33
34 error npm -v 1.4.28
35 error code ENEEDAUTH
36 verbose exit [ 1, true ]
